TN:
SF:src\assets\logo.png
FNF:0
FNH:0
LF:0
LH:0
BRF:0
BRH:0
end_of_record
TN:
SF:src\components\Auth\AuthHeader.css
FNF:0
FNH:0
LF:0
LH:0
BRF:0
BRH:0
end_of_record
TN:
SF:src\components\Auth\AuthHeader.jsx
FN:5,AuthHeader
FNF:1
FNH:1
FNDA:183,AuthHeader
DA:6,183
LF:1
LH:1
BRF:0
BRH:0
end_of_record
TN:
SF:src\components\Pagination\Pagination.css
FNF:0
FNH:0
LF:0
LH:0
BRF:0
BRH:0
end_of_record
TN:
SF:src\components\Pagination\Pagination.jsx
FN:7,(anonymous_0)
FN:13,(anonymous_1)
FN:18,(anonymous_2)
FN:26,(anonymous_3)
FN:45,(anonymous_4)
FN:50,(anonymous_5)
FN:50,(anonymous_6)
FN:52,(anonymous_7)
FN:59,(anonymous_8)
FNF:9
FNH:3
FNDA:3,(anonymous_0)
FNDA:0,(anonymous_1)
FNDA:3,(anonymous_2)
FNDA:1,(anonymous_3)
FNDA:0,(anonymous_4)
FNDA:0,(anonymous_5)
FNDA:0,(anonymous_6)
FNDA:0,(anonymous_7)
FNDA:0,(anonymous_8)
DA:5,1
DA:7,1
DA:8,3
DA:9,3
DA:10,3
DA:11,3
DA:13,3
DA:14,0
DA:15,0
DA:18,3
DA:19,3
DA:22,3
DA:27,1
DA:45,0
DA:50,0
DA:51,0
DA:52,0
DA:59,0
LF:18
LH:11
BRDA:14,0,0,0
BRDA:14,0,1,0
BRDA:14,1,0,0
BRDA:14,1,1,0
BRDA:32,2,0,1
BRDA:32,2,1,0
BRDA:41,3,0,3
BRDA:41,3,1,0
BRDA:44,4,0,0
BRDA:44,4,1,0
BRDA:51,5,0,0
BRDA:51,5,1,0
BRDA:58,6,0,0
BRDA:58,6,1,0
BRF:14
BRH:2
end_of_record
TN:
SF:src\components\Sidebar\Sidebar.css
FNF:0
FNH:0
LF:0
LH:0
BRF:0
BRH:0
end_of_record
TN:
SF:src\components\Sidebar\Sidebar.jsx
FN:13,Sidebar
FN:18,(anonymous_1)
FN:20,(anonymous_2)
FN:25,(anonymous_3)
FN:49,(anonymous_4)
FN:70,(anonymous_5)
FN:77,(anonymous_6)
FNF:7
FNH:2
FNDA:8,Sidebar
FNDA:0,(anonymous_1)
FNDA:0,(anonymous_2)
FNDA:0,(anonymous_3)
FNDA:0,(anonymous_4)
FNDA:24,(anonymous_5)
FNDA:0,(anonymous_6)
DA:7,2
DA:14,8
DA:15,8
DA:16,8
DA:18,8
DA:20,8
DA:21,0
DA:22,0
DA:25,8
DA:26,0
DA:27,0
DA:28,0
DA:33,0
DA:34,0
DA:35,0
DA:36,0
DA:39,0
DA:43,8
DA:49,0
DA:71,24
DA:72,24
DA:77,0
LF:22
LH:10
BRDA:34,0,0,0
BRDA:34,0,1,0
BRDA:34,1,0,0
BRDA:34,1,1,0
BRDA:45,2,0,8
BRDA:45,2,1,8
BRDA:56,3,0,8
BRDA:56,3,1,0
BRDA:58,4,0,0
BRDA:58,4,1,8
BRDA:76,5,0,0
BRDA:76,5,1,24
BRF:12
BRH:5
end_of_record
TN:
SF:src\modals\ChangePasswordModal.jsx
FN:8,(anonymous_0)
FN:20,(anonymous_1)
FN:38,(anonymous_2)
FN:41,(anonymous_3)
FN:96,(anonymous_4)
FN:102,(anonymous_5)
FN:117,(anonymous_6)
FN:123,(anonymous_7)
FN:138,(anonymous_8)
FN:144,(anonymous_9)
FNF:10
FNH:1
FNDA:5,(anonymous_0)
FNDA:0,(anonymous_1)
FNDA:0,(anonymous_2)
FNDA:0,(anonymous_3)
FNDA:0,(anonymous_4)
FNDA:0,(anonymous_5)
FNDA:0,(anonymous_6)
FNDA:0,(anonymous_7)
FNDA:0,(anonymous_8)
FNDA:0,(anonymous_9)
DA:6,1
DA:8,1
DA:9,5
DA:10,5
DA:11,5
DA:12,5
DA:13,5
DA:14,5
DA:15,5
DA:16,5
DA:18,5
DA:20,0
DA:21,0
DA:23,0
DA:24,0
DA:27,0
DA:28,0
DA:29,0
DA:30,0
DA:33,0
DA:34,0
DA:37,0
DA:38,0
DA:41,0
DA:42,0
DA:44,0
DA:45,0
DA:54,0
DA:55,0
DA:56,0
DA:57,0
DA:58,0
DA:59,0
DA:60,0
DA:63,0
DA:64,0
DA:65,0
DA:68,0
DA:69,0
DA:70,0
DA:73,0
DA:77,0
DA:96,0
DA:102,0
DA:117,0
DA:123,0
DA:138,0
DA:144,0
LF:48
LH:11
BRDA:18,0,0,5
BRDA:18,0,1,0
BRDA:23,1,0,0
BRDA:23,1,1,0
BRDA:27,2,0,0
BRDA:27,2,1,0
BRDA:27,3,0,0
BRDA:27,3,1,0
BRDA:29,4,0,0
BRDA:29,4,1,0
BRDA:33,5,0,0
BRDA:33,5,1,0
BRDA:33,6,0,0
BRDA:33,6,1,0
BRDA:42,7,0,0
BRDA:42,7,1,0
BRDA:56,8,0,0
BRDA:56,8,1,0
BRDA:63,9,0,0
BRDA:63,9,1,0
BRDA:68,10,0,0
BRDA:68,10,1,0
BRDA:92,11,0,0
BRDA:92,11,1,0
BRDA:94,12,0,0
BRDA:94,12,1,0
BRDA:101,13,0,0
BRDA:101,13,1,0
BRDA:104,14,0,0
BRDA:104,14,1,0
BRDA:113,15,0,0
BRDA:113,15,1,0
BRDA:115,16,0,0
BRDA:115,16,1,0
BRDA:122,17,0,0
BRDA:122,17,1,0
BRDA:125,18,0,0
BRDA:125,18,1,0
BRDA:134,19,0,0
BRDA:134,19,1,0
BRDA:136,20,0,0
BRDA:136,20,1,0
BRDA:143,21,0,0
BRDA:143,21,1,0
BRDA:146,22,0,0
BRDA:146,22,1,0
BRF:46
BRH:1
end_of_record
TN:
SF:src\modals\EditProfileModal.jsx
FN:6,(anonymous_0)
FN:11,(anonymous_1)
FN:12,(anonymous_2)
FN:27,(anonymous_3)
FN:74,(anonymous_4)
FN:84,(anonymous_5)
FNF:6
FNH:3
FNDA:6,(anonymous_0)
FNDA:5,(anonymous_1)
FNDA:5,(anonymous_2)
FNDA:0,(anonymous_3)
FNDA:0,(anonymous_4)
FNDA:0,(anonymous_5)
DA:6,1
DA:7,6
DA:8,6
DA:9,6
DA:11,6
DA:12,5
DA:13,5
DA:14,5
DA:15,3
DA:16,3
DA:17,3
DA:21,5
DA:25,6
DA:27,0
DA:28,0
DA:29,0
DA:38,0
DA:39,0
DA:40,0
DA:41,0
DA:42,0
DA:43,0
DA:46,0
DA:47,0
DA:48,0
DA:49,0
DA:52,0
DA:56,0
DA:74,0
DA:84,0
LF:30
LH:13
BRDA:14,0,0,3
BRDA:14,0,1,2
BRDA:25,1,0,6
BRDA:25,1,1,0
BRDA:39,2,0,0
BRDA:39,2,1,0
BRDA:46,3,0,0
BRDA:46,3,1,0
BRF:8
BRH:3
end_of_record
TN:
SF:src\modals\ProfileModal.css
FNF:0
FNH:0
LF:0
LH:0
BRF:0
BRH:0
end_of_record
TN:
SF:src\pages\Dashboard\Dashboard.jsx
FN:7,(anonymous_0)
FN:10,extractText
FN:30,(anonymous_2)
FN:31,(anonymous_3)
FN:51,(anonymous_4)
FN:70,(anonymous_5)
FN:84,(anonymous_6)
FNF:7
FNH:6
FNDA:3,(anonymous_0)
FNDA:3,extractText
FNDA:2,(anonymous_2)
FNDA:2,(anonymous_3)
FNDA:1,(anonymous_4)
FNDA:1,(anonymous_5)
FNDA:0,(anonymous_6)
DA:7,1
DA:11,3
DA:14,3
DA:15,1
DA:19,2
DA:20,2
DA:23,0
DA:26,3
DA:27,3
DA:28,3
DA:30,3
DA:31,2
DA:32,2
DA:33,2
DA:41,2
DA:42,1
DA:43,1
DA:44,1
DA:45,1
DA:48,1
DA:49,1
DA:51,1
DA:52,1
DA:60,1
DA:62,0
DA:66,2
DA:70,3
DA:71,1
DA:75,3
DA:84,0
LF:30
LH:27
BRDA:11,0,0,0
BRDA:11,0,1,3
BRDA:14,1,0,1
BRDA:14,1,1,2
BRDA:19,2,0,2
BRDA:19,2,1,0
BRDA:19,3,0,2
BRDA:19,3,1,2
BRDA:41,4,0,1
BRDA:41,4,1,1
BRDA:71,5,0,1
BRDA:71,5,1,0
BRF:12
BRH:9
end_of_record
TN:
SF:src\pages\Login\Login.css
FNF:0
FNH:0
LF:0
LH:0
BRF:0
BRH:0
end_of_record
TN:
SF:src\pages\Login\Login.jsx
FN:9,Login
FN:15,(anonymous_1)
FN:19,(anonymous_2)
FN:33,(anonymous_3)
FN:106,(anonymous_4)
FNF:5
FNH:4
FNDA:52,Login
FNDA:48,(anonymous_1)
FNDA:2,(anonymous_2)
FNDA:2,(anonymous_3)
FNDA:0,(anonymous_4)
DA:7,1
DA:10,52
DA:11,52
DA:12,52
DA:13,52
DA:15,52
DA:16,48
DA:19,52
DA:20,2
DA:22,2
DA:23,0
DA:25,2
DA:26,0
DA:29,2
DA:30,2
DA:33,52
DA:34,2
DA:35,2
DA:37,2
DA:38,2
DA:47,2
DA:48,2
DA:49,2
DA:50,1
DA:52,2
DA:54,0
DA:58,52
DA:106,0
LF:28
LH:24
BRDA:22,0,0,0
BRDA:22,0,1,2
BRDA:25,1,0,0
BRDA:25,1,1,2
BRDA:25,2,0,2
BRDA:25,2,1,2
BRDA:30,3,0,2
BRDA:30,3,1,2
BRDA:35,4,0,0
BRDA:35,4,1,2
BRDA:49,5,0,1
BRDA:49,5,1,1
BRDA:49,6,0,2
BRDA:49,6,1,2
BRDA:50,7,0,1
BRDA:50,7,1,0
BRDA:52,8,0,1
BRDA:52,8,1,1
BRDA:77,9,0,0
BRDA:77,9,1,52
BRDA:93,10,0,0
BRDA:93,10,1,52
BRDA:96,11,0,0
BRDA:96,11,1,52
BRDA:105,12,0,0
BRDA:105,12,1,52
BRDA:108,13,0,0
BRDA:108,13,1,52
BRF:28
BRH:19
end_of_record
TN:
SF:src\pages\Profile\Profile.css
FNF:0
FNH:0
LF:0
LH:0
BRF:0
BRH:0
end_of_record
TN:
SF:src\pages\Profile\Profile.jsx
FN:9,(anonymous_0)
FN:15,(anonymous_1)
FN:16,(anonymous_2)
FN:72,(anonymous_3)
FN:75,(anonymous_4)
FN:82,(anonymous_5)
FN:83,(anonymous_6)
FNF:7
FNH:3
FNDA:5,(anonymous_0)
FNDA:3,(anonymous_1)
FNDA:3,(anonymous_2)
FNDA:0,(anonymous_3)
FNDA:0,(anonymous_4)
FNDA:0,(anonymous_5)
FNDA:0,(anonymous_6)
DA:9,1
DA:10,5
DA:11,5
DA:12,5
DA:13,5
DA:15,5
DA:16,3
DA:17,3
DA:18,3
DA:26,3
DA:27,1
DA:28,1
DA:29,1
DA:30,1
DA:33,2
DA:34,2
DA:35,2
DA:36,2
DA:37,2
DA:40,0
DA:44,3
DA:48,5
DA:72,0
DA:75,0
DA:82,0
DA:83,0
LF:26
LH:21
BRDA:26,0,0,1
BRDA:26,0,1,2
BRDA:35,1,0,2
BRDA:35,1,1,0
BRDA:44,2,0,3
BRDA:44,2,1,0
BRDA:58,3,0,5
BRDA:58,3,1,3
BRDA:63,4,0,5
BRDA:63,4,1,3
BRDA:68,5,0,5
BRDA:68,5,1,3
BRF:12
BRH:10
end_of_record
TN:
SF:src\pages\Signup\Signup.css
FNF:0
FNH:0
LF:0
LH:0
BRF:0
BRH:0
end_of_record
TN:
SF:src\pages\Signup\Signup.jsx
FN:10,Signup
FN:17,(anonymous_1)
FN:21,(anonymous_2)
FN:40,(anonymous_3)
FN:43,(anonymous_4)
FN:134,(anonymous_5)
FN:161,(anonymous_6)
FNF:7
FNH:5
FNDA:131,Signup
FNDA:124,(anonymous_1)
FNDA:3,(anonymous_2)
FNDA:10,(anonymous_3)
FNDA:3,(anonymous_4)
FNDA:0,(anonymous_5)
FNDA:0,(anonymous_6)
DA:7,1
DA:8,1
DA:11,131
DA:12,131
DA:13,131
DA:14,131
DA:15,131
DA:17,131
DA:18,124
DA:21,131
DA:22,3
DA:24,3
DA:25,0
DA:27,3
DA:28,1
DA:30,3
DA:31,0
DA:32,3
DA:33,0
DA:35,3
DA:36,1
DA:39,3
DA:40,10
DA:43,131
DA:44,3
DA:45,3
DA:47,1
DA:48,1
DA:56,1
DA:57,0
DA:60,1
DA:61,1
DA:63,0
DA:67,131
DA:134,0
DA:161,0
LF:36
LH:29
BRDA:24,0,0,0
BRDA:24,0,1,3
BRDA:27,1,0,1
BRDA:27,1,1,2
BRDA:30,2,0,0
BRDA:30,2,1,3
BRDA:30,3,0,3
BRDA:30,3,1,3
BRDA:32,4,0,0
BRDA:32,4,1,3
BRDA:35,5,0,1
BRDA:35,5,1,2
BRDA:35,6,0,3
BRDA:35,6,1,3
BRDA:45,7,0,2
BRDA:45,7,1,1
BRDA:56,8,0,0
BRDA:56,8,1,1
BRDA:57,9,0,0
BRDA:57,9,1,0
BRDA:86,10,0,0
BRDA:86,10,1,131
BRDA:105,11,0,1
BRDA:105,11,1,130
BRDA:121,12,0,0
BRDA:121,12,1,131
BRDA:124,13,0,0
BRDA:124,13,1,131
BRDA:133,14,0,0
BRDA:133,14,1,131
BRDA:136,15,0,0
BRDA:136,15,1,131
BRDA:148,16,0,0
BRDA:148,16,1,131
BRDA:151,17,0,1
BRDA:151,17,1,130
BRDA:160,18,0,0
BRDA:160,18,1,131
BRDA:163,19,0,0
BRDA:163,19,1,131
BRF:40
BRH:26
end_of_record
TN:
SF:src\utils\logger.js
FN:3,format
FN:11,(anonymous_1)
FN:14,(anonymous_2)
FN:17,(anonymous_3)
FN:20,(anonymous_4)
FNF:5
FNH:3
FNDA:9,format
FNDA:0,(anonymous_1)
FNDA:6,(anonymous_2)
FNDA:3,(anonymous_3)
FNDA:0,(anonymous_4)
DA:1,4
DA:4,9
DA:5,9
DA:10,4
DA:12,0
DA:15,6
DA:18,3
DA:21,0
LF:8
LH:6
BRDA:5,0,0,0
BRDA:5,0,1,9
BRDA:12,1,0,0
BRDA:12,1,1,0
BRDA:15,2,0,6
BRDA:15,2,1,0
BRF:6
BRH:2
end_of_record
